2026-06-08T23:45:10.641237Z 0 [System] [MY-015015] [Server] MySQL Server - start.
2026-06-08T23:45:11.176604Z 0 [Warning] [MY-000081] [Server] option 'read_buffer_size': unsigned value 7168 adjusted to 8192.
2026-06-08T23:45:11.184722Z 0 [System] [MY-010116] [Server] C:\Program Files\MySQL\MySQL Server 9.7\bin\mysqld.exe (mysqld 9.7.0) starting as process 4628
2026-06-08T23:45:11.184784Z 0 [System] [MY-015603] [Server] MySQL Server has access to 4 logical CPUs.
2026-06-08T23:45:11.184842Z 0 [System] [MY-015603] [Server] MySQL Server has access to 4099383296 bytes of physical memory.
2026-06-08T23:45:12.197091Z 1 [System] [MY-013576] [InnoDB] InnoDB initialization has started.
2026-06-08T23:45:14.055137Z 1 [System] [MY-013577] [InnoDB] InnoDB initialization has ended.
2026-06-08T23:45:15.586891Z 0 [Warning] [MY-010068] [Server] CA certificate ca.pem is self signed.
2026-06-08T23:45:15.590892Z 0 [System] [MY-013602] [Server] Channel mysql_main configured to support TLS. Encrypted connections are now supported for this channel.
2026-06-08T23:45:15.715025Z 0 [System] [MY-011323] [Server] X Plugin ready for connections. Bind-address: '::' port: 33060
2026-06-08T23:45:15.715588Z 0 [System] [MY-010931] [Server] C:\Program Files\MySQL\MySQL Server 9.7\bin\mysqld.exe: ready for connections. Version: '9.7.0'  socket: ''  port: 3306  MySQL Community Server - GPL.
2026-06-09T12:36:26.456906Z 0 [System] [MY-015015] [Server] MySQL Server - start.
2026-06-09T12:36:27.241506Z 0 [Warning] [MY-000081] [Server] option 'read_buffer_size': unsigned value 7168 adjusted to 8192.
2026-06-09T12:36:27.253774Z 0 [System] [MY-010116] [Server] C:\Program Files\MySQL\MySQL Server 9.7\bin\mysqld.exe (mysqld 9.7.0) starting as process 5008
2026-06-09T12:36:27.255006Z 0 [System] [MY-015603] [Server] MySQL Server has access to 4 logical CPUs.
2026-06-09T12:36:27.255293Z 0 [System] [MY-015603] [Server] MySQL Server has access to 4099383296 bytes of physical memory.
2026-06-09T12:36:27.445591Z 1 [System] [MY-013576] [InnoDB] InnoDB initialization has started.
2026-06-09T12:36:30.144454Z 1 [System] [MY-013577] [InnoDB] InnoDB initialization has ended.
2026-06-09T12:36:30.842672Z 0 [System] [MY-010229] [Server] Starting XA crash recovery...
2026-06-09T12:36:30.858584Z 0 [System] [MY-010232] [Server] XA crash recovery finished.
2026-06-09T12:36:31.028742Z 0 [Warning] [MY-010068] [Server] CA certificate ca.pem is self signed.
2026-06-09T12:36:31.030893Z 0 [System] [MY-013602] [Server] Channel mysql_main configured to support TLS. Encrypted connections are now supported for this channel.
2026-06-09T12:36:31.109980Z 0 [System] [MY-011323] [Server] X Plugin ready for connections. Bind-address: '::' port: 33060
2026-06-09T12:36:31.111381Z 0 [System] [MY-010931] [Server] C:\Program Files\MySQL\MySQL Server 9.7\bin\mysqld.exe: ready for connections. Version: '9.7.0'  socket: ''  port: 3306  MySQL Community Server - GPL.
